mode: count
github.com/tsne/conf/config.go:15.63,17.16 2 5
github.com/tsne/conf/config.go:21.2,22.43 2 3
github.com/tsne/conf/config.go:25.2,25.15 1 2
github.com/tsne/conf/config.go:17.16,19.3 1 2
github.com/tsne/conf/config.go:22.43,24.3 1 1
github.com/tsne/conf/config.go:28.58,30.16 2 2
github.com/tsne/conf/config.go:33.2,33.10 1 1
github.com/tsne/conf/config.go:30.16,32.3 1 1
github.com/tsne/conf/config.go:36.51,38.20 2 10
github.com/tsne/conf/config.go:41.2,42.16 2 6
github.com/tsne/conf/config.go:38.20,40.3 1 4
github.com/tsne/conf/config.go:45.63,47.16 2 3
github.com/tsne/conf/config.go:50.2,50.43 1 2
github.com/tsne/conf/config.go:53.2,53.12 1 1
github.com/tsne/conf/config.go:47.16,49.3 1 1
github.com/tsne/conf/config.go:50.43,52.3 1 1
github.com/tsne/conf/config.go:56.55,60.31 4 10
github.com/tsne/conf/config.go:75.2,76.26 2 10
github.com/tsne/conf/config.go:60.31,62.49 2 9
github.com/tsne/conf/config.go:66.3,67.54 2 9
github.com/tsne/conf/config.go:70.3,70.50 1 9
github.com/tsne/conf/config.go:62.49,64.4 1 0
github.com/tsne/conf/config.go:67.54,69.4 1 9
github.com/tsne/conf/config.go:70.50,72.4 1 0
github.com/tsne/conf/decode.go:18.48,19.57 1 383
github.com/tsne/conf/decode.go:23.2,23.23 1 383
github.com/tsne/conf/decode.go:19.57,21.3 1 23
github.com/tsne/conf/decode.go:24.2,25.35 1 16
github.com/tsne/conf/decode.go:27.2,28.50 1 46
github.com/tsne/conf/decode.go:30.2,31.62 1 5
github.com/tsne/conf/decode.go:33.2,34.64 1 5
github.com/tsne/conf/decode.go:36.2,37.64 1 5
github.com/tsne/conf/decode.go:39.2,41.72 2 19
github.com/tsne/conf/decode.go:44.3,44.64 1 10
github.com/tsne/conf/decode.go:46.2,47.44 1 5
github.com/tsne/conf/decode.go:49.2,50.50 1 7
github.com/tsne/conf/decode.go:52.2,53.51 1 5
github.com/tsne/conf/decode.go:55.2,56.51 1 5
github.com/tsne/conf/decode.go:58.2,59.51 1 9
github.com/tsne/conf/decode.go:61.2,62.53 1 7
github.com/tsne/conf/decode.go:64.2,65.53 1 19
github.com/tsne/conf/decode.go:67.2,68.37 1 45
github.com/tsne/conf/decode.go:70.2,71.36 1 8
github.com/tsne/conf/decode.go:73.2,74.36 1 9
github.com/tsne/conf/decode.go:76.2,77.34 1 9
github.com/tsne/conf/decode.go:79.2,80.40 1 2
github.com/tsne/conf/decode.go:82.2,83.37 1 11
github.com/tsne/conf/decode.go:85.2,86.34 1 146
github.com/tsne/conf/decode.go:88.2,89.65 1 0
github.com/tsne/conf/decode.go:41.72,43.4 1 9
github.com/tsne/conf/decode.go:93.52,96.22 2 16
github.com/tsne/conf/decode.go:113.2,113.12 1 14
github.com/tsne/conf/decode.go:97.2,98.31 1 4
github.com/tsne/conf/decode.go:100.2,101.35 1 4
github.com/tsne/conf/decode.go:103.2,104.36 1 3
github.com/tsne/conf/decode.go:106.2,107.37 1 3
github.com/tsne/conf/decode.go:109.2,110.88 1 2
github.com/tsne/conf/decode.go:116.67,119.22 2 71
github.com/tsne/conf/decode.go:152.2,152.12 1 55
github.com/tsne/conf/decode.go:120.2,121.19 1 5
github.com/tsne/conf/decode.go:127.2,129.25 2 43
github.com/tsne/conf/decode.go:132.3,132.19 1 39
github.com/tsne/conf/decode.go:134.2,136.22 2 6
github.com/tsne/conf/decode.go:139.3,139.26 1 5
github.com/tsne/conf/decode.go:141.2,143.43 2 7
github.com/tsne/conf/decode.go:146.3,146.26 1 6
github.com/tsne/conf/decode.go:148.2,149.88 1 10
github.com/tsne/conf/decode.go:121.19,123.4 1 4
github.com/tsne/conf/decode.go:123.4,125.4 1 1
github.com/tsne/conf/decode.go:129.25,131.4 1 4
github.com/tsne/conf/decode.go:136.22,138.4 1 1
github.com/tsne/conf/decode.go:143.43,145.4 1 1
github.com/tsne/conf/decode.go:155.64,158.22 2 31
github.com/tsne/conf/decode.go:191.2,191.12 1 18
github.com/tsne/conf/decode.go:159.2,160.19 1 3
github.com/tsne/conf/decode.go:166.2,168.31 2 16
github.com/tsne/conf/decode.go:171.3,171.28 1 11
github.com/tsne/conf/decode.go:173.2,175.14 2 3
github.com/tsne/conf/decode.go:178.3,178.20 1 2
github.com/tsne/conf/decode.go:180.2,182.32 2 4
github.com/tsne/conf/decode.go:185.3,185.28 1 2
github.com/tsne/conf/decode.go:187.2,188.88 1 5
github.com/tsne/conf/decode.go:160.19,162.4 1 2
github.com/tsne/conf/decode.go:162.4,164.4 1 1
github.com/tsne/conf/decode.go:168.31,170.4 1 5
github.com/tsne/conf/decode.go:175.14,177.4 1 1
github.com/tsne/conf/decode.go:182.32,184.4 1 2
github.com/tsne/conf/decode.go:194.56,197.22 2 9
github.com/tsne/conf/decode.go:226.2,226.12 1 4
github.com/tsne/conf/decode.go:198.2,199.29 1 1
github.com/tsne/conf/decode.go:201.2,203.24 2 2
github.com/tsne/conf/decode.go:206.3,206.26 1 1
github.com/tsne/conf/decode.go:208.2,210.45 2 3
github.com/tsne/conf/decode.go:213.3,213.26 1 1
github.com/tsne/conf/decode.go:215.2,217.17 2 2
github.com/tsne/conf/decode.go:220.3,220.26 1 1
github.com/tsne/conf/decode.go:222.2,223.84 1 1
github.com/tsne/conf/decode.go:203.24,205.4 1 1
github.com/tsne/conf/decode.go:210.45,212.4 1 2
github.com/tsne/conf/decode.go:217.17,219.4 1 1
github.com/tsne/conf/decode.go:229.66,232.22 2 26
github.com/tsne/conf/decode.go:265.2,265.12 1 23
github.com/tsne/conf/decode.go:233.2,234.19 1 4
github.com/tsne/conf/decode.go:240.2,242.44 2 9
github.com/tsne/conf/decode.go:245.3,245.30 1 9
github.com/tsne/conf/decode.go:247.2,249.23 2 3
github.com/tsne/conf/decode.go:252.3,252.30 1 3
github.com/tsne/conf/decode.go:254.2,256.26 2 9
github.com/tsne/conf/decode.go:259.3,259.21 1 7
github.com/tsne/conf/decode.go:261.2,262.88 1 1
github.com/tsne/conf/decode.go:234.19,236.4 1 3
github.com/tsne/conf/decode.go:236.4,238.4 1 1
github.com/tsne/conf/decode.go:242.44,244.4 1 0
github.com/tsne/conf/decode.go:249.23,251.4 1 0
github.com/tsne/conf/decode.go:256.26,258.4 1 2
github.com/tsne/conf/decode.go:268.54,269.22 1 45
github.com/tsne/conf/decode.go:289.2,289.12 1 45
github.com/tsne/conf/decode.go:270.2,271.53 1 2
github.com/tsne/conf/decode.go:273.2,274.55 1 8
github.com/tsne/conf/decode.go:276.2,277.57 1 2
github.com/tsne/conf/decode.go:279.2,280.68 1 2
github.com/tsne/conf/decode.go:282.2,283.35 1 31
github.com/tsne/conf/decode.go:285.2,286.57 1 0
github.com/tsne/conf/decode.go:292.53,293.22 1 8
github.com/tsne/conf/decode.go:313.2,313.12 1 4
github.com/tsne/conf/decode.go:294.2,296.24 2 6
github.com/tsne/conf/decode.go:300.3,300.26 1 5
github.com/tsne/conf/decode.go:306.2,307.24 1 2
github.com/tsne/conf/decode.go:310.3,310.40 1 1
github.com/tsne/conf/decode.go:296.24,298.4 1 1
github.com/tsne/conf/decode.go:300.26,301.66 1 13
github.com/tsne/conf/decode.go:301.66,303.5 1 1
github.com/tsne/conf/decode.go:307.24,309.4 1 1
github.com/tsne/conf/decode.go:316.53,317.22 1 9
github.com/tsne/conf/decode.go:336.2,336.12 1 7
github.com/tsne/conf/decode.go:318.2,321.26 3 7
github.com/tsne/conf/decode.go:326.3,326.23 1 6
github.com/tsne/conf/decode.go:328.2,330.58 2 2
github.com/tsne/conf/decode.go:333.3,333.23 1 1
github.com/tsne/conf/decode.go:321.26,322.68 1 25
github.com/tsne/conf/decode.go:322.68,324.5 1 1
github.com/tsne/conf/decode.go:330.58,332.4 1 1
github.com/tsne/conf/decode.go:339.51,340.33 1 9
github.com/tsne/conf/decode.go:344.2,348.38 4 8
github.com/tsne/conf/decode.go:362.2,363.12 2 5
github.com/tsne/conf/decode.go:340.33,342.3 1 1
github.com/tsne/conf/decode.go:348.38,350.40 2 17
github.com/tsne/conf/decode.go:354.3,355.56 2 16
github.com/tsne/conf/decode.go:359.3,359.27 1 14
github.com/tsne/conf/decode.go:350.40,352.4 1 1
github.com/tsne/conf/decode.go:355.56,357.4 1 2
github.com/tsne/conf/decode.go:366.57,367.22 1 2
github.com/tsne/conf/decode.go:371.2,372.12 2 2
github.com/tsne/conf/decode.go:367.22,369.3 1 0
github.com/tsne/conf/decode.go:375.54,376.33 1 11
github.com/tsne/conf/decode.go:380.2,382.39 3 10
github.com/tsne/conf/decode.go:386.2,386.41 1 9
github.com/tsne/conf/decode.go:419.2,419.12 1 7
github.com/tsne/conf/decode.go:376.33,378.3 1 1
github.com/tsne/conf/decode.go:382.39,384.3 1 1
github.com/tsne/conf/decode.go:386.41,387.19 1 23
github.com/tsne/conf/decode.go:391.3,393.44 3 22
github.com/tsne/conf/decode.go:406.3,406.21 1 22
github.com/tsne/conf/decode.go:414.3,414.50 1 17
github.com/tsne/conf/decode.go:387.19,388.12 1 1
github.com/tsne/conf/decode.go:393.44,395.38 1 14
github.com/tsne/conf/decode.go:395.38,396.44 1 35
github.com/tsne/conf/decode.go:396.44,397.42 1 35
github.com/tsne/conf/decode.go:397.42,400.12 3 9
github.com/tsne/conf/decode.go:406.21,408.22 1 5
github.com/tsne/conf/decode.go:411.4,411.12 1 4
github.com/tsne/conf/decode.go:408.22,410.5 1 1
github.com/tsne/conf/decode.go:414.50,416.4 1 1
github.com/tsne/conf/decode.go:422.51,423.33 1 146
github.com/tsne/conf/decode.go:426.2,426.37 1 146
github.com/tsne/conf/decode.go:423.33,425.3 1 0
github.com/tsne/conf/decode.go:429.58,430.32 1 153
github.com/tsne/conf/decode.go:442.2,442.10 1 130
github.com/tsne/conf/decode.go:430.32,432.49 2 38
github.com/tsne/conf/decode.go:435.3,435.56 1 34
github.com/tsne/conf/decode.go:438.3,438.54 1 15
github.com/tsne/conf/decode.go:432.49,434.4 1 4
github.com/tsne/conf/decode.go:435.56,437.4 1 19
github.com/tsne/conf/decode.go:438.54,440.4 1 0
github.com/tsne/conf/decode.go:453.41,457.25 4 9
github.com/tsne/conf/decode.go:485.2,485.15 1 9
github.com/tsne/conf/decode.go:457.25,465.14 4 28
github.com/tsne/conf/decode.go:483.3,483.29 1 28
github.com/tsne/conf/decode.go:466.3,466.11 0 20
github.com/tsne/conf/decode.go:468.3,469.19 1 2
github.com/tsne/conf/decode.go:470.3,473.25 3 6
github.com/tsne/conf/decode.go:473.25,474.24 1 4
github.com/tsne/conf/decode.go:475.5,476.23 1 4
github.com/tsne/conf/decode.go:477.5,478.89 1 0
github.com/tsne/conf/decode.go:488.33,489.21 1 22
github.com/tsne/conf/decode.go:492.2,492.14 1 3
github.com/tsne/conf/decode.go:489.21,491.3 1 19
github.com/tsne/conf/value.go:10.38,14.2 3 5
github.com/tsne/conf/value.go:16.38,20.2 3 7
github.com/tsne/conf/value.go:22.40,26.2 3 5
github.com/tsne/conf/value.go:28.42,32.2 3 5
github.com/tsne/conf/value.go:34.42,38.2 3 7
github.com/tsne/conf/value.go:40.51,43.34 3 31
github.com/tsne/conf/value.go:46.2,46.30 1 31
github.com/tsne/conf/value.go:43.34,45.3 1 0
